<?xml version="1.0" encoding="UTF-8"?>
<testng-results skipped="0" failed="0" total="1" passed="1">
  <reporter-output>
  </reporter-output>
  <suite name="Default suite" duration-ms="44902" started-at="2019-06-19T05:52:11Z" finished-at="2019-06-19T05:52:55Z">
    <groups>
    </groups>
    <test name="Default test" duration-ms="44902" started-at="2019-06-19T05:52:11Z" finished-at="2019-06-19T05:52:55Z">
      <class name="com.qa.CheapPrice.Test_Cases.HomePage_Test">
        <test-method status="PASS" signature="setup()[pri:0, instance:com.qa.CheapPrice.Test_Cases.HomePage_Test@120ebad]" name="setup" is-config="true" duration-ms="20708" started-at="2019-06-19T11:22:11Z" finished-at="2019-06-19T11:22:31Z">
          <reporter-output>
          </reporter-output>
        </test-method> <!-- setup -->
        <test-method status="PASS" signature="city_select_Test()[pri:1, instance:com.qa.CheapPrice.Test_Cases.HomePage_Test@120ebad]" name="city_select_Test" duration-ms="24174" started-at="2019-06-19T11:22:31Z" finished-at="2019-06-19T11:22:55Z">
          <reporter-output>
          </reporter-output>
        </test-method> <!-- city_select_Test -->
      </class> <!-- com.qa.CheapPrice.Test_Cases.HomePage_Test -->
    </test> <!-- Default test -->
  </suite> <!-- Default suite -->
</testng-results>
